symbolic.min_int=-2147483648
symbolic.min_long=-9223372036854775808
symbolic.min_short=-32768
symbolic.min_byte=-128
symbolic.min_char=0
symbolic.max_int=2147483647
symbolic.max_long=9223372036854775807
symbolic.max_short=32767
symbolic.max_byte=127
symbolic.max_char=65535
symbolic.min_double=4.9E-324
symbolic.max_double=1.7976931348623157E308
JavaPathfinder core system v8.0 (rev ) - (C) 2005-2014 United States Government. All rights reserved.


====================================================== system under test
sidlibrary.objectmodelpackage.LibAddStudent.main()

====================================================== search started: 11/23/25 8:25 PM
Student added: WWWWW's Birthday is 12-17-77, WWWWW's Birthday is 12-17-77
Student added: WWWWW's Birthday is 12-17-77, WWWWW's Birthday is 12-17-77
Student added: WWWWW's Birthday is 12-17-77, WWWWW's Birthday is 12-17-77
Undergraduate student added: WWWWW's Birthday is 12-17-77, WWWWW's Birthday is 12-17-77, Year: 0, Major: WWWWW's Birthday is 12-17-77
Undergraduate student added: WWWWW's Birthday is 12-17-77, WWWWW's Birthday is 12-17-77, Year: 0, Major: WWWWW's Birthday is 12-17-77
Undergraduate student added: WWWWW's Birthday is 12-17-77, WWWWW's Birthday is 12-17-77, Year: 0, Major: WWWWW's Birthday is 12-17-77
Graduate student added: WWWWW's Birthday is 12-17-77, WWWWW's Birthday is 12-17-77, Research: WWWWW's Birthday is 12-17-77, Advisor: WWWWW's Birthday is 12-17-77
Graduate student added: WWWWW's Birthday is 12-17-77, WWWWW's Birthday is 12-17-77, Research: WWWWW's Birthday is 12-17-77, Advisor: WWWWW's Birthday is 12-17-77
Graduate student added: WWWWW's Birthday is 12-17-77, WWWWW's Birthday is 12-17-77, Research: WWWWW's Birthday is 12-17-77, Advisor: WWWWW's Birthday is 12-17-77
PhD student added: WWWWW's Birthday is 12-17-77, WWWWW's Birthday is 12-17-77, Dissertation: WWWWW's Birthday is 12-17-77, Years: 0
PhD student added: WWWWW's Birthday is 12-17-77, WWWWW's Birthday is 12-17-77, Dissertation: WWWWW's Birthday is 12-17-77, Years: 0
PhD student added: WWWWW's Birthday is 12-17-77, WWWWW's Birthday is 12-17-77, Dissertation: WWWWW's Birthday is 12-17-77, Years: 0
Exchange student added: WWWWW's Birthday is 12-17-77, WWWWW's Birthday is 12-17-77, Home: WWWWW's Birthday is 12-17-77, Program: WWWWW's Birthday is 12-17-77
Exchange student added: WWWWW's Birthday is 12-17-77, WWWWW's Birthday is 12-17-77, Home: WWWWW's Birthday is 12-17-77, Program: WWWWW's Birthday is 12-17-77
Exchange student added: WWWWW's Birthday is 12-17-77, WWWWW's Birthday is 12-17-77, Home: WWWWW's Birthday is 12-17-77, Program: WWWWW's Birthday is 12-17-77
Student added: WWWWW's Birthday is 12-17-77, WWWWW's Birthday is 12-17-77
Student added: WWWWW's Birthday is 12-17-77, WWWWW's Birthday is 12-17-77
Student added: WWWWW's Birthday is 12-17-77, WWWWW's Birthday is 12-17-77
Student added: WWWWW's Birthday is 12-17-77, WWWWW's Birthday is 12-17-77
Undergraduate student added: WWWWW's Birthday is 12-17-77, WWWWW's Birthday is 12-17-77, Year: 0, Major: WWWWW's Birthday is 12-17-77
Graduate student added: WWWWW's Birthday is 12-17-77, WWWWW's Birthday is 12-17-77, Research: WWWWW's Birthday is 12-17-77, Advisor: WWWWW's Birthday is 12-17-77
PhD student added: WWWWW's Birthday is 12-17-77, WWWWW's Birthday is 12-17-77, Dissertation: WWWWW's Birthday is 12-17-77, Years: 0
Exchange student added: WWWWW's Birthday is 12-17-77, WWWWW's Birthday is 12-17-77, Home: WWWWW's Birthday is 12-17-77, Program: WWWWW's Birthday is 12-17-77
Student added: WWWWW's Birthday is 12-17-77, WWWWW's Birthday is 12-17-77
Student added: WWWWW's Birthday is 12-17-77, WWWWW's Birthday is 12-17-77
Undergraduate student added: WWWWW's Birthday is 12-17-77, WWWWW's Birthday is 12-17-77, Year: 0, Major: WWWWW's Birthday is 12-17-77
Graduate student added: WWWWW's Birthday is 12-17-77, WWWWW's Birthday is 12-17-77, Research: WWWWW's Birthday is 12-17-77, Advisor: WWWWW's Birthday is 12-17-77
PhD student added: WWWWW's Birthday is 12-17-77, WWWWW's Birthday is 12-17-77, Dissertation: WWWWW's Birthday is 12-17-77, Years: 0
Exchange student added: WWWWW's Birthday is 12-17-77, WWWWW's Birthday is 12-17-77, Home: WWWWW's Birthday is 12-17-77, Program: WWWWW's Birthday is 12-17-77
Student added: WWWWW's Birthday is 12-17-77, WWWWW's Birthday is 12-17-77
Student added: WWWWW's Birthday is 12-17-77, WWWWW's Birthday is 12-17-77
Student added: WWWWW's Birthday is 12-17-77, WWWWW's Birthday is 12-17-77
Student added: WWWWW's Birthday is 12-17-77, WWWWW's Birthday is 12-17-77
Undergraduate student added: WWWWW's Birthday is 12-17-77, WWWWW's Birthday is 12-17-77, Year: 0, Major: WWWWW's Birthday is 12-17-77
Undergraduate student added: WWWWW's Birthday is 12-17-77, WWWWW's Birthday is 12-17-77, Year: 0, Major: WWWWW's Birthday is 12-17-77
Undergraduate student added: WWWWW's Birthday is 12-17-77, WWWWW's Birthday is 12-17-77, Year: 0, Major: WWWWW's Birthday is 12-17-77
Graduate student added: WWWWW's Birthday is 12-17-77, WWWWW's Birthday is 12-17-77, Research: WWWWW's Birthday is 12-17-77, Advisor: WWWWW's Birthday is 12-17-77
Graduate student added: WWWWW's Birthday is 12-17-77, WWWWW's Birthday is 12-17-77, Research: WWWWW's Birthday is 12-17-77, Advisor: WWWWW's Birthday is 12-17-77
Graduate student added: WWWWW's Birthday is 12-17-77, WWWWW's Birthday is 12-17-77, Research: WWWWW's Birthday is 12-17-77, Advisor: WWWWW's Birthday is 12-17-77
PhD student added: WWWWW's Birthday is 12-17-77, WWWWW's Birthday is 12-17-77, Dissertation: WWWWW's Birthday is 12-17-77, Years: 0
PhD student added: WWWWW's Birthday is 12-17-77, WWWWW's Birthday is 12-17-77, Dissertation: WWWWW's Birthday is 12-17-77, Years: 0
PhD student added: WWWWW's Birthday is 12-17-77, WWWWW's Birthday is 12-17-77, Dissertation: WWWWW's Birthday is 12-17-77, Years: 0
Exchange student added: WWWWW's Birthday is 12-17-77, WWWWW's Birthday is 12-17-77, Home: WWWWW's Birthday is 12-17-77, Program: WWWWW's Birthday is 12-17-77
Exchange student added: WWWWW's Birthday is 12-17-77, WWWWW's Birthday is 12-17-77, Home: WWWWW's Birthday is 12-17-77, Program: WWWWW's Birthday is 12-17-77
Exchange student added: WWWWW's Birthday is 12-17-77, WWWWW's Birthday is 12-17-77, Home: WWWWW's Birthday is 12-17-77, Program: WWWWW's Birthday is 12-17-77
Student added: WWWWW's Birthday is 12-17-77, WWWWW's Birthday is 12-17-77
Student added: WWWWW's Birthday is 12-17-77, WWWWW's Birthday is 12-17-77
Student added: WWWWW's Birthday is 12-17-77, WWWWW's Birthday is 12-17-77
Student added: WWWWW's Birthday is 12-17-77, WWWWW's Birthday is 12-17-77
Undergraduate student added: WWWWW's Birthday is 12-17-77, WWWWW's Birthday is 12-17-77, Year: 0, Major: WWWWW's Birthday is 12-17-77
Graduate student added: WWWWW's Birthday is 12-17-77, WWWWW's Birthday is 12-17-77, Research: WWWWW's Birthday is 12-17-77, Advisor: WWWWW's Birthday is 12-17-77
PhD student added: WWWWW's Birthday is 12-17-77, WWWWW's Birthday is 12-17-77, Dissertation: WWWWW's Birthday is 12-17-77, Years: 0
Exchange student added: WWWWW's Birthday is 12-17-77, WWWWW's Birthday is 12-17-77, Home: WWWWW's Birthday is 12-17-77, Program: WWWWW's Birthday is 12-17-77
Student added: WWWWW's Birthday is 12-17-77, WWWWW's Birthday is 12-17-77
Student added: WWWWW's Birthday is 12-17-77, WWWWW's Birthday is 12-17-77
Undergraduate student added: WWWWW's Birthday is 12-17-77, WWWWW's Birthday is 12-17-77, Year: 0, Major: WWWWW's Birthday is 12-17-77
Graduate student added: WWWWW's Birthday is 12-17-77, WWWWW's Birthday is 12-17-77, Research: WWWWW's Birthday is 12-17-77, Advisor: WWWWW's Birthday is 12-17-77
PhD student added: WWWWW's Birthday is 12-17-77, WWWWW's Birthday is 12-17-77, Dissertation: WWWWW's Birthday is 12-17-77, Years: 0
Exchange student added: WWWWW's Birthday is 12-17-77, WWWWW's Birthday is 12-17-77, Home: WWWWW's Birthday is 12-17-77, Program: WWWWW's Birthday is 12-17-77
Student added: WWWWW's Birthday is 12-17-77, WWWWW's Birthday is 12-17-77
Student added: WWWWW's Birthday is 12-17-77, WWWWW's Birthday is 12-17-77
Student added: WWWWW's Birthday is 12-17-77, WWWWW's Birthday is 12-17-77
Student added: WWWWW's Birthday is 12-17-77, WWWWW's Birthday is 12-17-77
Undergraduate student added: WWWWW's Birthday is 12-17-77, WWWWW's Birthday is 12-17-77, Year: 0, Major: WWWWW's Birthday is 12-17-77
Undergraduate student added: WWWWW's Birthday is 12-17-77, WWWWW's Birthday is 12-17-77, Year: 0, Major: WWWWW's Birthday is 12-17-77
Undergraduate student added: WWWWW's Birthday is 12-17-77, WWWWW's Birthday is 12-17-77, Year: 0, Major: WWWWW's Birthday is 12-17-77
Graduate student added: WWWWW's Birthday is 12-17-77, WWWWW's Birthday is 12-17-77, Research: WWWWW's Birthday is 12-17-77, Advisor: WWWWW's Birthday is 12-17-77
Graduate student added: WWWWW's Birthday is 12-17-77, WWWWW's Birthday is 12-17-77, Research: WWWWW's Birthday is 12-17-77, Advisor: WWWWW's Birthday is 12-17-77
Graduate student added: WWWWW's Birthday is 12-17-77, WWWWW's Birthday is 12-17-77, Research: WWWWW's Birthday is 12-17-77, Advisor: WWWWW's Birthday is 12-17-77
PhD student added: WWWWW's Birthday is 12-17-77, WWWWW's Birthday is 12-17-77, Dissertation: WWWWW's Birthday is 12-17-77, Years: 0
PhD student added: WWWWW's Birthday is 12-17-77, WWWWW's Birthday is 12-17-77, Dissertation: WWWWW's Birthday is 12-17-77, Years: 0
PhD student added: WWWWW's Birthday is 12-17-77, WWWWW's Birthday is 12-17-77, Dissertation: WWWWW's Birthday is 12-17-77, Years: 0
Exchange student added: WWWWW's Birthday is 12-17-77, WWWWW's Birthday is 12-17-77, Home: WWWWW's Birthday is 12-17-77, Program: WWWWW's Birthday is 12-17-77
Exchange student added: WWWWW's Birthday is 12-17-77, WWWWW's Birthday is 12-17-77, Home: WWWWW's Birthday is 12-17-77, Program: WWWWW's Birthday is 12-17-77
Exchange student added: WWWWW's Birthday is 12-17-77, WWWWW's Birthday is 12-17-77, Home: WWWWW's Birthday is 12-17-77, Program: WWWWW's Birthday is 12-17-77
Student added: WWWWW's Birthday is 12-17-77, WWWWW's Birthday is 12-17-77
Student added: WWWWW's Birthday is 12-17-77, WWWWW's Birthday is 12-17-77
Student added: WWWWW's Birthday is 12-17-77, WWWWW's Birthday is 12-17-77
Student added: WWWWW's Birthday is 12-17-77, WWWWW's Birthday is 12-17-77
Undergraduate student added: WWWWW's Birthday is 12-17-77, WWWWW's Birthday is 12-17-77, Year: 0, Major: WWWWW's Birthday is 12-17-77
Graduate student added: WWWWW's Birthday is 12-17-77, WWWWW's Birthday is 12-17-77, Research: WWWWW's Birthday is 12-17-77, Advisor: WWWWW's Birthday is 12-17-77
PhD student added: WWWWW's Birthday is 12-17-77, WWWWW's Birthday is 12-17-77, Dissertation: WWWWW's Birthday is 12-17-77, Years: 0
Exchange student added: WWWWW's Birthday is 12-17-77, WWWWW's Birthday is 12-17-77, Home: WWWWW's Birthday is 12-17-77, Program: WWWWW's Birthday is 12-17-77
Student added: WWWWW's Birthday is 12-17-77, WWWWW's Birthday is 12-17-77
Student added: WWWWW's Birthday is 12-17-77, WWWWW's Birthday is 12-17-77
Undergraduate student added: WWWWW's Birthday is 12-17-77, WWWWW's Birthday is 12-17-77, Year: 0, Major: WWWWW's Birthday is 12-17-77
Graduate student added: WWWWW's Birthday is 12-17-77, WWWWW's Birthday is 12-17-77, Research: WWWWW's Birthday is 12-17-77, Advisor: WWWWW's Birthday is 12-17-77
PhD student added: WWWWW's Birthday is 12-17-77, WWWWW's Birthday is 12-17-77, Dissertation: WWWWW's Birthday is 12-17-77, Years: 0
Exchange student added: WWWWW's Birthday is 12-17-77, WWWWW's Birthday is 12-17-77, Home: WWWWW's Birthday is 12-17-77, Program: WWWWW's Birthday is 12-17-77
Student added: WWWWW's Birthday is 12-17-77, WWWWW's Birthday is 12-17-77
Student added: WWWWW's Birthday is 12-17-77, WWWWW's Birthday is 12-17-77
Student added: WWWWW's Birthday is 12-17-77, WWWWW's Birthday is 12-17-77
Student added: WWWWW's Birthday is 12-17-77, WWWWW's Birthday is 12-17-77
Undergraduate student added: WWWWW's Birthday is 12-17-77, WWWWW's Birthday is 12-17-77, Year: 0, Major: WWWWW's Birthday is 12-17-77
Undergraduate student added: WWWWW's Birthday is 12-17-77, WWWWW's Birthday is 12-17-77, Year: 0, Major: WWWWW's Birthday is 12-17-77
Undergraduate student added: WWWWW's Birthday is 12-17-77, WWWWW's Birthday is 12-17-77, Year: 0, Major: WWWWW's Birthday is 12-17-77
Graduate student added: WWWWW's Birthday is 12-17-77, WWWWW's Birthday is 12-17-77, Research: WWWWW's Birthday is 12-17-77, Advisor: WWWWW's Birthday is 12-17-77
Graduate student added: WWWWW's Birthday is 12-17-77, WWWWW's Birthday is 12-17-77, Research: WWWWW's Birthday is 12-17-77, Advisor: WWWWW's Birthday is 12-17-77
Graduate student added: WWWWW's Birthday is 12-17-77, WWWWW's Birthday is 12-17-77, Research: WWWWW's Birthday is 12-17-77, Advisor: WWWWW's Birthday is 12-17-77
PhD student added: WWWWW's Birthday is 12-17-77, WWWWW's Birthday is 12-17-77, Dissertation: WWWWW's Birthday is 12-17-77, Years: 0
PhD student added: WWWWW's Birthday is 12-17-77, WWWWW's Birthday is 12-17-77, Dissertation: WWWWW's Birthday is 12-17-77, Years: 0
PhD student added: WWWWW's Birthday is 12-17-77, WWWWW's Birthday is 12-17-77, Dissertation: WWWWW's Birthday is 12-17-77, Years: 0
Exchange student added: WWWWW's Birthday is 12-17-77, WWWWW's Birthday is 12-17-77, Home: WWWWW's Birthday is 12-17-77, Program: WWWWW's Birthday is 12-17-77
Exchange student added: WWWWW's Birthday is 12-17-77, WWWWW's Birthday is 12-17-77, Home: WWWWW's Birthday is 12-17-77, Program: WWWWW's Birthday is 12-17-77
Exchange student added: WWWWW's Birthday is 12-17-77, WWWWW's Birthday is 12-17-77, Home: WWWWW's Birthday is 12-17-77, Program: WWWWW's Birthday is 12-17-77
Student added: WWWWW's Birthday is 12-17-77, WWWWW's Birthday is 12-17-77
Student added: WWWWW's Birthday is 12-17-77, WWWWW's Birthday is 12-17-77
Student added: WWWWW's Birthday is 12-17-77, WWWWW's Birthday is 12-17-77
Student added: WWWWW's Birthday is 12-17-77, WWWWW's Birthday is 12-17-77
Undergraduate student added: WWWWW's Birthday is 12-17-77, WWWWW's Birthday is 12-17-77, Year: 0, Major: WWWWW's Birthday is 12-17-77
Graduate student added: WWWWW's Birthday is 12-17-77, WWWWW's Birthday is 12-17-77, Research: WWWWW's Birthday is 12-17-77, Advisor: WWWWW's Birthday is 12-17-77
PhD student added: WWWWW's Birthday is 12-17-77, WWWWW's Birthday is 12-17-77, Dissertation: WWWWW's Birthday is 12-17-77, Years: 0
Exchange student added: WWWWW's Birthday is 12-17-77, WWWWW's Birthday is 12-17-77, Home: WWWWW's Birthday is 12-17-77, Program: WWWWW's Birthday is 12-17-77
Student added: WWWWW's Birthday is 12-17-77, WWWWW's Birthday is 12-17-77
Student added: WWWWW's Birthday is 12-17-77, WWWWW's Birthday is 12-17-77
Undergraduate student added: WWWWW's Birthday is 12-17-77, WWWWW's Birthday is 12-17-77, Year: 0, Major: WWWWW's Birthday is 12-17-77
Graduate student added: WWWWW's Birthday is 12-17-77, WWWWW's Birthday is 12-17-77, Research: WWWWW's Birthday is 12-17-77, Advisor: WWWWW's Birthday is 12-17-77
PhD student added: WWWWW's Birthday is 12-17-77, WWWWW's Birthday is 12-17-77, Dissertation: WWWWW's Birthday is 12-17-77, Years: 0
Exchange student added: WWWWW's Birthday is 12-17-77, WWWWW's Birthday is 12-17-77, Home: WWWWW's Birthday is 12-17-77, Program: WWWWW's Birthday is 12-17-77
Student added: WWWWW's Birthday is 12-17-77, WWWWW's Birthday is 12-17-77
Student added: WWWWW's Birthday is 12-17-77, WWWWW's Birthday is 12-17-77
Student added: WWWWW's Birthday is 12-17-77, WWWWW's Birthday is 12-17-77
Student added: WWWWW's Birthday is 12-17-77, WWWWW's Birthday is 12-17-77
Undergraduate student added: WWWWW's Birthday is 12-17-77, WWWWW's Birthday is 12-17-77, Year: 0, Major: WWWWW's Birthday is 12-17-77
Undergraduate student added: WWWWW's Birthday is 12-17-77, WWWWW's Birthday is 12-17-77, Year: 0, Major: WWWWW's Birthday is 12-17-77
Undergraduate student added: WWWWW's Birthday is 12-17-77, WWWWW's Birthday is 12-17-77, Year: 0, Major: WWWWW's Birthday is 12-17-77
Graduate student added: WWWWW's Birthday is 12-17-77, WWWWW's Birthday is 12-17-77, Research: WWWWW's Birthday is 12-17-77, Advisor: WWWWW's Birthday is 12-17-77
Graduate student added: WWWWW's Birthday is 12-17-77, WWWWW's Birthday is 12-17-77, Research: WWWWW's Birthday is 12-17-77, Advisor: WWWWW's Birthday is 12-17-77
Graduate student added: WWWWW's Birthday is 12-17-77, WWWWW's Birthday is 12-17-77, Research: WWWWW's Birthday is 12-17-77, Advisor: WWWWW's Birthday is 12-17-77
PhD student added: WWWWW's Birthday is 12-17-77, WWWWW's Birthday is 12-17-77, Dissertation: WWWWW's Birthday is 12-17-77, Years: 0
PhD student added: WWWWW's Birthday is 12-17-77, WWWWW's Birthday is 12-17-77, Dissertation: WWWWW's Birthday is 12-17-77, Years: 0
PhD student added: WWWWW's Birthday is 12-17-77, WWWWW's Birthday is 12-17-77, Dissertation: WWWWW's Birthday is 12-17-77, Years: 0
Exchange student added: WWWWW's Birthday is 12-17-77, WWWWW's Birthday is 12-17-77, Home: WWWWW's Birthday is 12-17-77, Program: WWWWW's Birthday is 12-17-77
Exchange student added: WWWWW's Birthday is 12-17-77, WWWWW's Birthday is 12-17-77, Home: WWWWW's Birthday is 12-17-77, Program: WWWWW's Birthday is 12-17-77
Exchange student added: WWWWW's Birthday is 12-17-77, WWWWW's Birthday is 12-17-77, Home: WWWWW's Birthday is 12-17-77, Program: WWWWW's Birthday is 12-17-77
Student added: WWWWW's Birthday is 12-17-77, WWWWW's Birthday is 12-17-77
Student added: WWWWW's Birthday is 12-17-77, WWWWW's Birthday is 12-17-77
Student added: WWWWW's Birthday is 12-17-77, WWWWW's Birthday is 12-17-77
Student added: WWWWW's Birthday is 12-17-77, WWWWW's Birthday is 12-17-77
Undergraduate student added: WWWWW's Birthday is 12-17-77, WWWWW's Birthday is 12-17-77, Year: 0, Major: WWWWW's Birthday is 12-17-77
Graduate student added: WWWWW's Birthday is 12-17-77, WWWWW's Birthday is 12-17-77, Research: WWWWW's Birthday is 12-17-77, Advisor: WWWWW's Birthday is 12-17-77
PhD student added: WWWWW's Birthday is 12-17-77, WWWWW's Birthday is 12-17-77, Dissertation: WWWWW's Birthday is 12-17-77, Years: 0
Exchange student added: WWWWW's Birthday is 12-17-77, WWWWW's Birthday is 12-17-77, Home: WWWWW's Birthday is 12-17-77, Program: WWWWW's Birthday is 12-17-77
Student added: WWWWW's Birthday is 12-17-77, WWWWW's Birthday is 12-17-77
Student added: WWWWW's Birthday is 12-17-77, WWWWW's Birthday is 12-17-77
Undergraduate student added: WWWWW's Birthday is 12-17-77, WWWWW's Birthday is 12-17-77, Year: 0, Major: WWWWW's Birthday is 12-17-77
Graduate student added: WWWWW's Birthday is 12-17-77, WWWWW's Birthday is 12-17-77, Research: WWWWW's Birthday is 12-17-77, Advisor: WWWWW's Birthday is 12-17-77
PhD student added: WWWWW's Birthday is 12-17-77, WWWWW's Birthday is 12-17-77, Dissertation: WWWWW's Birthday is 12-17-77, Years: 0
Exchange student added: WWWWW's Birthday is 12-17-77, WWWWW's Birthday is 12-17-77, Home: WWWWW's Birthday is 12-17-77, Program: WWWWW's Birthday is 12-17-77
Student added: WWWWW's Birthday is 12-17-77, WWWWW's Birthday is 12-17-77

====================================================== Method Sequences
[testAddStudentUnified()]

====================================================== JUnit 4.0 test class
import static org.junit.Assert.*;
import org.junit.Before;
import org.junit.Test;

public class sidlibrary_objectmodelpackage_LibAddStudentTest {

	private sidlibrary.objectmodelpackage.LibAddStudent sidlibrary_objectmodelpackage_libaddstudent;

	@Before
	public void setUp() throws Exception {
		sidlibrary_objectmodelpackage_libaddstudent = new sidlibrary.objectmodelpackage.LibAddStudent();
	}

	@Test
	public void test0() {
		sidlibrary_objectmodelpackage_libaddstudent.testAddStudentUnified();
	}
}

====================================================== coverage statistics

-------------------------------------------- class coverage ------------------------------------------------
bytecode            line                basic-block         branch              methods             location
------------------------------------------------------------------------------------------------------------
0.99 (462/468)      0.92 (118/128)      0.97 (146/150)      0.72 (18/25)        0.86 (6/7)          sidlibrary.objectmodelpackage.LibAddStudent
  0.00 (0/3)          0.00 (0/1)          0.00 (0/2)           -                   -                  <init>()
                                                                                    at sidlibrary.objectmodelpackage.LibAddStudent.<init>(LibAddStudent.java:7) 
  0.85 (17/20)        0.20 (1/5)          0.82 (9/11)         0.00 (0/2)           -                  findStudent(String)
                                                                                    at sidlibrary.objectmodelpackage.LibAddStudent.findStudent(LibAddStudent.java:172) 
                                                                                    .. sidlibrary.objectmodelpackage.LibAddStudent.findStudent(LibAddStudent.java:173) 
                                                                                    F at sidlibrary.objectmodelpackage.LibAddStudent.findStudent(LibAddStudent.java:168) 
                                                                                    F at sidlibrary.objectmodelpackage.LibAddStudent.findStudent(LibAddStudent.java:169) 
  1.00 (7/7)          1.00 (3/3)          1.00 (3/3)           -                   -                  addStudents(Student)
  1.00 (2/2)          1.00 (2/2)          1.00 (2/2)           -                   -                  main(String[])
  1.00 (399/399)      0.95 (100/105)      1.00 (120/120)      0.78 (18/23)         -                  testAddStudentUnified()
                                                                                    at sidlibrary.objectmodelpackage.LibAddStudent.testAddStudentUnified(LibAddStudent.java:38) 
                                                                                    at sidlibrary.objectmodelpackage.LibAddStudent.testAddStudentUnified(LibAddStudent.java:40) 
                                                                                    at sidlibrary.objectmodelpackage.LibAddStudent.testAddStudentUnified(LibAddStudent.java:42) 
                                                                                    at sidlibrary.objectmodelpackage.LibAddStudent.testAddStudentUnified(LibAddStudent.java:44) 
                                                                                    at sidlibrary.objectmodelpackage.LibAddStudent.testAddStudentUnified(LibAddStudent.java:54) 
                                                                                    at sidlibrary.objectmodelpackage.LibAddStudent.testAddStudentUnified(LibAddStudent.java:56) 
                                                                                    at sidlibrary.objectmodelpackage.LibAddStudent.testAddStudentUnified(LibAddStudent.java:58) 
                                                                                    at sidlibrary.objectmodelpackage.LibAddStudent.testAddStudentUnified(LibAddStudent.java:60) 
                                                                                    at sidlibrary.objectmodelpackage.LibAddStudent.testAddStudentUnified(LibAddStudent.java:62) 
                                                                                    at sidlibrary.objectmodelpackage.LibAddStudent.testAddStudentUnified(LibAddStudent.java:64) 
                                                                                    at sidlibrary.objectmodelpackage.LibAddStudent.testAddStudentUnified(LibAddStudent.java:77) 
                                                                                    at sidlibrary.objectmodelpackage.LibAddStudent.testAddStudentUnified(LibAddStudent.java:81) 
                                                                                    at sidlibrary.objectmodelpackage.LibAddStudent.testAddStudentUnified(LibAddStudent.java:83) 
                                                                                    at sidlibrary.objectmodelpackage.LibAddStudent.testAddStudentUnified(LibAddStudent.java:85) 
                                                                                    at sidlibrary.objectmodelpackage.LibAddStudent.testAddStudentUnified(LibAddStudent.java:87) 
                                                                                    at sidlibrary.objectmodelpackage.LibAddStudent.testAddStudentUnified(LibAddStudent.java:89) 
                                                                                    F at sidlibrary.objectmodelpackage.LibAddStudent.testAddStudentUnified(LibAddStudent.java:99) 
                                                                                    F at sidlibrary.objectmodelpackage.LibAddStudent.testAddStudentUnified(LibAddStudent.java:107) 
                                                                                    at sidlibrary.objectmodelpackage.LibAddStudent.testAddStudentUnified(LibAddStudent.java:128) 
                                                                                    F at sidlibrary.objectmodelpackage.LibAddStudent.testAddStudentUnified(LibAddStudent.java:133) 
                                                                                    F at sidlibrary.objectmodelpackage.LibAddStudent.testAddStudentUnified(LibAddStudent.java:140) 
                                                                                    F at sidlibrary.objectmodelpackage.LibAddStudent.testAddStudentUnified(LibAddStudent.java:154) 
  1.00 (19/19)        1.00 (6/6)          1.00 (6/6)           -                   -                  testLibraryPolymorphism(Library)
  1.00 (18/18)        1.00 (6/6)          1.00 (6/6)           -                   -                  testStudentPolymorphism(Student)

------------------------------------------------------------------------------------------------------------
0.99 (462/468)      0.92 (118/128)      0.97 (146/150)      0.72 (18/25)        0.86 (6/7)          1.00 (1/1)         total

====================================================== results
no errors detected

====================================================== statistics
elapsed time:       00:00:01
states:             new=320,visited=0,backtracked=320,end=160
search:             maxDepth=14,constraints=0
choice generators:  thread=1 (signal=0,lock=1,sharedRef=0,threadApi=0,reschedule=0), data=160
heap:               new=11473,released=7094,maxLive=576,gcCycles=237
instructions:       151110
max memory:         150MB
loaded code:        classes=99,methods=2231

====================================================== search finished: 11/23/25 8:25 PM
