symbolic.min_int=-2147483648
symbolic.min_long=-9223372036854775808
symbolic.min_short=-32768
symbolic.min_byte=-128
symbolic.min_char=0
symbolic.max_int=2147483647
symbolic.max_long=9223372036854775807
symbolic.max_short=32767
symbolic.max_byte=127
symbolic.max_char=65535
symbolic.min_double=4.9E-324
symbolic.max_double=1.7976931348623157E308
JavaPathfinder core system v8.0 (rev ) - (C) 2005-2014 United States Government. All rights reserved.


====================================================== system under test
sidlibrary.objectmodelpackage.LibSearchBook.main()

====================================================== search started: 11/23/25 8:15 PM
Book added: WWWWW's Birthday is 12-17-77, WWWWW's Birthday is 12-17-77
Book added: WWWWW's Birthday is 12-17-772, WWWWW's Birthday is 12-17-772
Textbook added: WWWWW's Birthday is 12-17-77, WWWWW's Birthday is 12-17-77, Subject: WWWWW's Birthday is 12-17-77, Edition: WWWWW's Birthday is 12-17-77
Book added: WWWWW's Birthday is 12-17-772, WWWWW's Birthday is 12-17-772
Novel added: WWWWW's Birthday is 12-17-77, WWWWW's Birthday is 12-17-77, Genre: WWWWW's Birthday is 12-17-77
Book added: WWWWW's Birthday is 12-17-772, WWWWW's Birthday is 12-17-772
Novel added: WWWWW's Birthday is 12-17-773, WWWWW's Birthday is 12-17-773, Genre: WWWWW's Birthday is 12-17-77
Reference book added: WWWWW's Birthday is 12-17-77, WWWWW's Birthday is 12-17-77, Type: WWWWW's Birthday is 12-17-77
Book added: WWWWW's Birthday is 12-17-772, WWWWW's Birthday is 12-17-772
EBook added: WWWWW's Birthday is 12-17-77, WWWWW's Birthday is 12-17-77, Format: WWWWW's Birthday is 12-17-77, Size: 0 bytes
Book added: WWWWW's Birthday is 12-17-772, WWWWW's Birthday is 12-17-772
Book added: WWWWW's Birthday is 12-17-77, WWWWW's Birthday is 12-17-77
Book added: WWWWW's Birthday is 12-17-772, WWWWW's Birthday is 12-17-772
Book added: WWWWW's Birthday is 12-17-77, WWWWW's Birthday is 12-17-77
Book added: WWWWW's Birthday is 12-17-772, WWWWW's Birthday is 12-17-772
Textbook added: WWWWW's Birthday is 12-17-77, WWWWW's Birthday is 12-17-77, Subject: WWWWW's Birthday is 12-17-77, Edition: WWWWW's Birthday is 12-17-77
Book added: WWWWW's Birthday is 12-17-772, WWWWW's Birthday is 12-17-772
Novel added: WWWWW's Birthday is 12-17-77, WWWWW's Birthday is 12-17-77, Genre: WWWWW's Birthday is 12-17-77
Book added: WWWWW's Birthday is 12-17-772, WWWWW's Birthday is 12-17-772
Novel added: WWWWW's Birthday is 12-17-773, WWWWW's Birthday is 12-17-773, Genre: WWWWW's Birthday is 12-17-77
Reference book added: WWWWW's Birthday is 12-17-77, WWWWW's Birthday is 12-17-77, Type: WWWWW's Birthday is 12-17-77
Book added: WWWWW's Birthday is 12-17-772, WWWWW's Birthday is 12-17-772
EBook added: WWWWW's Birthday is 12-17-77, WWWWW's Birthday is 12-17-77, Format: WWWWW's Birthday is 12-17-77, Size: 0 bytes
Book added: WWWWW's Birthday is 12-17-772, WWWWW's Birthday is 12-17-772
Book added: WWWWW's Birthday is 12-17-77, WWWWW's Birthday is 12-17-77
Book added: WWWWW's Birthday is 12-17-772, WWWWW's Birthday is 12-17-772
Book added: WWWWW's Birthday is 12-17-77, WWWWW's Birthday is 12-17-77
Book added: WWWWW's Birthday is 12-17-772, WWWWW's Birthday is 12-17-772
Textbook added: WWWWW's Birthday is 12-17-77, WWWWW's Birthday is 12-17-77, Subject: WWWWW's Birthday is 12-17-77, Edition: WWWWW's Birthday is 12-17-77
Book added: WWWWW's Birthday is 12-17-772, WWWWW's Birthday is 12-17-772
Novel added: WWWWW's Birthday is 12-17-77, WWWWW's Birthday is 12-17-77, Genre: WWWWW's Birthday is 12-17-77
Book added: WWWWW's Birthday is 12-17-772, WWWWW's Birthday is 12-17-772
Novel added: WWWWW's Birthday is 12-17-773, WWWWW's Birthday is 12-17-773, Genre: WWWWW's Birthday is 12-17-77
Reference book added: WWWWW's Birthday is 12-17-77, WWWWW's Birthday is 12-17-77, Type: WWWWW's Birthday is 12-17-77
Book added: WWWWW's Birthday is 12-17-772, WWWWW's Birthday is 12-17-772
EBook added: WWWWW's Birthday is 12-17-77, WWWWW's Birthday is 12-17-77, Format: WWWWW's Birthday is 12-17-77, Size: 0 bytes
Book added: WWWWW's Birthday is 12-17-772, WWWWW's Birthday is 12-17-772
Book added: WWWWW's Birthday is 12-17-77, WWWWW's Birthday is 12-17-77
Book added: WWWWW's Birthday is 12-17-772, WWWWW's Birthday is 12-17-772
Book added: WWWWW's Birthday is 12-17-77, WWWWW's Birthday is 12-17-77
Book added: WWWWW's Birthday is 12-17-772, WWWWW's Birthday is 12-17-772
Textbook added: WWWWW's Birthday is 12-17-77, WWWWW's Birthday is 12-17-77, Subject: WWWWW's Birthday is 12-17-77, Edition: WWWWW's Birthday is 12-17-77
Book added: WWWWW's Birthday is 12-17-772, WWWWW's Birthday is 12-17-772
Novel added: WWWWW's Birthday is 12-17-77, WWWWW's Birthday is 12-17-77, Genre: WWWWW's Birthday is 12-17-77
Book added: WWWWW's Birthday is 12-17-772, WWWWW's Birthday is 12-17-772
Novel added: WWWWW's Birthday is 12-17-773, WWWWW's Birthday is 12-17-773, Genre: WWWWW's Birthday is 12-17-77
Reference book added: WWWWW's Birthday is 12-17-77, WWWWW's Birthday is 12-17-77, Type: WWWWW's Birthday is 12-17-77
Book added: WWWWW's Birthday is 12-17-772, WWWWW's Birthday is 12-17-772
EBook added: WWWWW's Birthday is 12-17-77, WWWWW's Birthday is 12-17-77, Format: WWWWW's Birthday is 12-17-77, Size: 0 bytes
Book added: WWWWW's Birthday is 12-17-772, WWWWW's Birthday is 12-17-772
Book added: WWWWW's Birthday is 12-17-77, WWWWW's Birthday is 12-17-77
Book added: WWWWW's Birthday is 12-17-772, WWWWW's Birthday is 12-17-772
Book added: WWWWW's Birthday is 12-17-77, WWWWW's Birthday is 12-17-77
Book added: WWWWW's Birthday is 12-17-772, WWWWW's Birthday is 12-17-772
Textbook added: WWWWW's Birthday is 12-17-77, WWWWW's Birthday is 12-17-77, Subject: WWWWW's Birthday is 12-17-77, Edition: WWWWW's Birthday is 12-17-77
Book added: WWWWW's Birthday is 12-17-772, WWWWW's Birthday is 12-17-772
Novel added: WWWWW's Birthday is 12-17-77, WWWWW's Birthday is 12-17-77, Genre: WWWWW's Birthday is 12-17-77
Book added: WWWWW's Birthday is 12-17-772, WWWWW's Birthday is 12-17-772
Novel added: WWWWW's Birthday is 12-17-773, WWWWW's Birthday is 12-17-773, Genre: WWWWW's Birthday is 12-17-77
Reference book added: WWWWW's Birthday is 12-17-77, WWWWW's Birthday is 12-17-77, Type: WWWWW's Birthday is 12-17-77
Book added: WWWWW's Birthday is 12-17-772, WWWWW's Birthday is 12-17-772
EBook added: WWWWW's Birthday is 12-17-77, WWWWW's Birthday is 12-17-77, Format: WWWWW's Birthday is 12-17-77, Size: 0 bytes
Book added: WWWWW's Birthday is 12-17-772, WWWWW's Birthday is 12-17-772
Book added: WWWWW's Birthday is 12-17-77, WWWWW's Birthday is 12-17-77
Book added: WWWWW's Birthday is 12-17-772, WWWWW's Birthday is 12-17-772

====================================================== Method Sequences
[testSearchBookUnified()]

====================================================== JUnit 4.0 test class
import static org.junit.Assert.*;
import org.junit.Before;
import org.junit.Test;

public class sidlibrary_objectmodelpackage_LibSearchBookTest {

	private sidlibrary.objectmodelpackage.LibSearchBook sidlibrary_objectmodelpackage_libsearchbook;

	@Before
	public void setUp() throws Exception {
		sidlibrary_objectmodelpackage_libsearchbook = new sidlibrary.objectmodelpackage.LibSearchBook();
	}

	@Test
	public void test0() {
		sidlibrary_objectmodelpackage_libsearchbook.testSearchBookUnified();
	}
}

====================================================== coverage statistics

-------------------------------------------- class coverage ------------------------------------------------
bytecode            line                basic-block         branch              methods             location
------------------------------------------------------------------------------------------------------------
0.95 (491/519)      0.92 (129/140)      0.94 (174/185)      0.83 (30/36)        0.83 (5/6)          sidlibrary.objectmodelpackage.LibSearchBook
  0.00 (0/3)          0.00 (0/1)          0.00 (0/2)           -                   -                  <init>()
                                                                                    at sidlibrary.objectmodelpackage.LibSearchBook.<init>(LibSearchBook.java:7) 
  0.54 (26/48)        0.60 (9/15)         0.56 (10/18)        0.00 (0/2)           -                  addBookFunction(Library,Book)
                                                                                    at sidlibrary.objectmodelpackage.LibSearchBook.addBookFunction(LibSearchBook.java:202) 
                                                                                    .. sidlibrary.objectmodelpackage.LibSearchBook.addBookFunction(LibSearchBook.java:208) 
                                                                                    T at sidlibrary.objectmodelpackage.LibSearchBook.addBookFunction(LibSearchBook.java:201) 
                                                                                    N at sidlibrary.objectmodelpackage.LibSearchBook.addBookFunction(LibSearchBook.java:203) 
  0.99 (409/412)      0.97 (106/109)      0.99 (136/137)      0.90 (27/30)         -                  testSearchBookUnified()
                                                                                    at sidlibrary.objectmodelpackage.LibSearchBook.testSearchBookUnified(LibSearchBook.java:98) 
                                                                                    at sidlibrary.objectmodelpackage.LibSearchBook.testSearchBookUnified(LibSearchBook.java:36) 
                                                                                    at sidlibrary.objectmodelpackage.LibSearchBook.testSearchBookUnified(LibSearchBook.java:38) 
                                                                                    at sidlibrary.objectmodelpackage.LibSearchBook.testSearchBookUnified(LibSearchBook.java:40) 
                                                                                    at sidlibrary.objectmodelpackage.LibSearchBook.testSearchBookUnified(LibSearchBook.java:42) 
                                                                                    at sidlibrary.objectmodelpackage.LibSearchBook.testSearchBookUnified(LibSearchBook.java:55) 
                                                                                    at sidlibrary.objectmodelpackage.LibSearchBook.testSearchBookUnified(LibSearchBook.java:57) 
                                                                                    at sidlibrary.objectmodelpackage.LibSearchBook.testSearchBookUnified(LibSearchBook.java:60) 
                                                                                    at sidlibrary.objectmodelpackage.LibSearchBook.testSearchBookUnified(LibSearchBook.java:62) 
                                                                                    at sidlibrary.objectmodelpackage.LibSearchBook.testSearchBookUnified(LibSearchBook.java:64) 
                                                                                    at sidlibrary.objectmodelpackage.LibSearchBook.testSearchBookUnified(LibSearchBook.java:71) 
                                                                                    at sidlibrary.objectmodelpackage.LibSearchBook.testSearchBookUnified(LibSearchBook.java:75) 
                                                                                    at sidlibrary.objectmodelpackage.LibSearchBook.testSearchBookUnified(LibSearchBook.java:79) 
                                                                                    at sidlibrary.objectmodelpackage.LibSearchBook.testSearchBookUnified(LibSearchBook.java:88) 
                                                                                    at sidlibrary.objectmodelpackage.LibSearchBook.testSearchBookUnified(LibSearchBook.java:90) 
                                                                                    F at sidlibrary.objectmodelpackage.LibSearchBook.testSearchBookUnified(LibSearchBook.java:94) 
                                                                                    at sidlibrary.objectmodelpackage.LibSearchBook.testSearchBookUnified(LibSearchBook.java:101) 
                                                                                    at sidlibrary.objectmodelpackage.LibSearchBook.testSearchBookUnified(LibSearchBook.java:104) 
                                                                                    at sidlibrary.objectmodelpackage.LibSearchBook.testSearchBookUnified(LibSearchBook.java:106) 
                                                                                    at sidlibrary.objectmodelpackage.LibSearchBook.testSearchBookUnified(LibSearchBook.java:108) 
                                                                                    at sidlibrary.objectmodelpackage.LibSearchBook.testSearchBookUnified(LibSearchBook.java:110) 
                                                                                    at sidlibrary.objectmodelpackage.LibSearchBook.testSearchBookUnified(LibSearchBook.java:123) 
                                                                                    at sidlibrary.objectmodelpackage.LibSearchBook.testSearchBookUnified(LibSearchBook.java:128) 
                                                                                    at sidlibrary.objectmodelpackage.LibSearchBook.testSearchBookUnified(LibSearchBook.java:130) 
                                                                                    at sidlibrary.objectmodelpackage.LibSearchBook.testSearchBookUnified(LibSearchBook.java:132) 
                                                                                    at sidlibrary.objectmodelpackage.LibSearchBook.testSearchBookUnified(LibSearchBook.java:133) 
                                                                                    at sidlibrary.objectmodelpackage.LibSearchBook.testSearchBookUnified(LibSearchBook.java:135) 
                                                                                    at sidlibrary.objectmodelpackage.LibSearchBook.testSearchBookUnified(LibSearchBook.java:137) 
                                                                                    at sidlibrary.objectmodelpackage.LibSearchBook.testSearchBookUnified(LibSearchBook.java:159) 
                                                                                    F at sidlibrary.objectmodelpackage.LibSearchBook.testSearchBookUnified(LibSearchBook.java:171) 
  1.00 (35/35)        0.86 (6/7)          1.00 (20/20)        0.75 (3/4)           -                  checkBookAvailable(Library,String)
                                                                                    at sidlibrary.objectmodelpackage.LibSearchBook.checkBookAvailable(LibSearchBook.java:185) 
                                                                                    at sidlibrary.objectmodelpackage.LibSearchBook.checkBookAvailable(LibSearchBook.java:186) 
                                                                                    at sidlibrary.objectmodelpackage.LibSearchBook.checkBookAvailable(LibSearchBook.java:187) 
  1.00 (2/2)          1.00 (2/2)          1.00 (2/2)           -                   -                  main(String[])
  1.00 (19/19)        1.00 (6/6)          1.00 (6/6)           -                   -                  testLibraryPolymorphism(Library)

------------------------------------------------------------------------------------------------------------
0.95 (491/519)      0.92 (129/140)      0.94 (174/185)      0.83 (30/36)        0.83 (5/6)          1.00 (1/1)         total

====================================================== results
no errors detected

====================================================== statistics
elapsed time:       00:00:02
states:             new=900,visited=0,backtracked=900,end=450
search:             maxDepth=16,constraints=0
choice generators:  thread=1 (signal=0,lock=1,sharedRef=0,threadApi=0,reschedule=0), data=450
heap:               new=32197,released=28259,maxLive=602,gcCycles=547
instructions:       952031
max memory:         339MB
loaded code:        classes=103,methods=2252

====================================================== search finished: 11/23/25 8:15 PM
