symbolic.min_int=-2147483648
symbolic.min_long=-9223372036854775808
symbolic.min_short=-32768
symbolic.min_byte=-128
symbolic.min_char=0
symbolic.max_int=2147483647
symbolic.max_long=9223372036854775807
symbolic.max_short=32767
symbolic.max_byte=127
symbolic.max_char=65535
symbolic.min_double=4.9E-324
symbolic.max_double=1.7976931348623157E308
JavaPathfinder core system v8.0 (rev ) - (C) 2005-2014 United States Government. All rights reserved.


====================================================== system under test
sidlibrary.objectmodelpackage.LibRenewBook.main()

====================================================== search started: 11/23/25 8:25 PM
Novel added: WWWWW's Birthday is 12-17-77, WWWWW's Birthday is 12-17-77, Genre: WWWWW's Birthday is 12-17-77
Student added: WWWWW's Birthday is 12-17-77, WWWWW's Birthday is 12-17-77
Undergraduate student added: WWWWW's Birthday is 12-17-77, WWWWW's Birthday is 12-17-77, Year: 0, Major: WWWWW's Birthday is 12-17-77
Graduate student added: WWWWW's Birthday is 12-17-77, WWWWW's Birthday is 12-17-77, Research: WWWWW's Birthday is 12-17-77, Advisor: WWWWW's Birthday is 12-17-77
PhD student added: WWWWW's Birthday is 12-17-77, WWWWW's Birthday is 12-17-77, Dissertation: WWWWW's Birthday is 12-17-77, Years: 0
Exchange student added: WWWWW's Birthday is 12-17-77, WWWWW's Birthday is 12-17-77, Home: WWWWW's Birthday is 12-17-77, Program: WWWWW's Birthday is 12-17-77
Student added: WWWWW's Birthday is 12-17-77, WWWWW's Birthday is 12-17-77
EBook added: WWWWW's Birthday is 12-17-77, WWWWW's Birthday is 12-17-77, Format: WWWWW's Birthday is 12-17-77, Size: 0 bytes
Student added: WWWWW's Birthday is 12-17-77, WWWWW's Birthday is 12-17-77
Undergraduate student added: WWWWW's Birthday is 12-17-77, WWWWW's Birthday is 12-17-77, Year: 0, Major: WWWWW's Birthday is 12-17-77
Graduate student added: WWWWW's Birthday is 12-17-77, WWWWW's Birthday is 12-17-77, Research: WWWWW's Birthday is 12-17-77, Advisor: WWWWW's Birthday is 12-17-77
PhD student added: WWWWW's Birthday is 12-17-77, WWWWW's Birthday is 12-17-77, Dissertation: WWWWW's Birthday is 12-17-77, Years: 0
Exchange student added: WWWWW's Birthday is 12-17-77, WWWWW's Birthday is 12-17-77, Home: WWWWW's Birthday is 12-17-77, Program: WWWWW's Birthday is 12-17-77
Student added: WWWWW's Birthday is 12-17-77, WWWWW's Birthday is 12-17-77
Novel added: WWWWW's Birthday is 12-17-77, WWWWW's Birthday is 12-17-77, Genre: WWWWW's Birthday is 12-17-77
Student added: WWWWW's Birthday is 12-17-77, WWWWW's Birthday is 12-17-77
Undergraduate student added: WWWWW's Birthday is 12-17-77, WWWWW's Birthday is 12-17-77, Year: 0, Major: WWWWW's Birthday is 12-17-77
Graduate student added: WWWWW's Birthday is 12-17-77, WWWWW's Birthday is 12-17-77, Research: WWWWW's Birthday is 12-17-77, Advisor: WWWWW's Birthday is 12-17-77
PhD student added: WWWWW's Birthday is 12-17-77, WWWWW's Birthday is 12-17-77, Dissertation: WWWWW's Birthday is 12-17-77, Years: 0
Exchange student added: WWWWW's Birthday is 12-17-77, WWWWW's Birthday is 12-17-77, Home: WWWWW's Birthday is 12-17-77, Program: WWWWW's Birthday is 12-17-77
Student added: WWWWW's Birthday is 12-17-77, WWWWW's Birthday is 12-17-77
Novel added: WWWWW's Birthday is 12-17-77, WWWWW's Birthday is 12-17-77, Genre: WWWWW's Birthday is 12-17-77
Student added: WWWWW's Birthday is 12-17-77, WWWWW's Birthday is 12-17-77
Undergraduate student added: WWWWW's Birthday is 12-17-77, WWWWW's Birthday is 12-17-77, Year: 0, Major: WWWWW's Birthday is 12-17-77
Graduate student added: WWWWW's Birthday is 12-17-77, WWWWW's Birthday is 12-17-77, Research: WWWWW's Birthday is 12-17-77, Advisor: WWWWW's Birthday is 12-17-77
PhD student added: WWWWW's Birthday is 12-17-77, WWWWW's Birthday is 12-17-77, Dissertation: WWWWW's Birthday is 12-17-77, Years: 0
Exchange student added: WWWWW's Birthday is 12-17-77, WWWWW's Birthday is 12-17-77, Home: WWWWW's Birthday is 12-17-77, Program: WWWWW's Birthday is 12-17-77
Student added: WWWWW's Birthday is 12-17-77, WWWWW's Birthday is 12-17-77
EBook added: WWWWW's Birthday is 12-17-77, WWWWW's Birthday is 12-17-77, Format: WWWWW's Birthday is 12-17-77, Size: 0 bytes
Student added: WWWWW's Birthday is 12-17-77, WWWWW's Birthday is 12-17-77
Undergraduate student added: WWWWW's Birthday is 12-17-77, WWWWW's Birthday is 12-17-77, Year: 0, Major: WWWWW's Birthday is 12-17-77
Graduate student added: WWWWW's Birthday is 12-17-77, WWWWW's Birthday is 12-17-77, Research: WWWWW's Birthday is 12-17-77, Advisor: WWWWW's Birthday is 12-17-77
PhD student added: WWWWW's Birthday is 12-17-77, WWWWW's Birthday is 12-17-77, Dissertation: WWWWW's Birthday is 12-17-77, Years: 0
Exchange student added: WWWWW's Birthday is 12-17-77, WWWWW's Birthday is 12-17-77, Home: WWWWW's Birthday is 12-17-77, Program: WWWWW's Birthday is 12-17-77
Student added: WWWWW's Birthday is 12-17-77, WWWWW's Birthday is 12-17-77
Novel added: WWWWW's Birthday is 12-17-77, WWWWW's Birthday is 12-17-77, Genre: WWWWW's Birthday is 12-17-77
Student added: WWWWW's Birthday is 12-17-77, WWWWW's Birthday is 12-17-77
Undergraduate student added: WWWWW's Birthday is 12-17-77, WWWWW's Birthday is 12-17-77, Year: 0, Major: WWWWW's Birthday is 12-17-77
Graduate student added: WWWWW's Birthday is 12-17-77, WWWWW's Birthday is 12-17-77, Research: WWWWW's Birthday is 12-17-77, Advisor: WWWWW's Birthday is 12-17-77
PhD student added: WWWWW's Birthday is 12-17-77, WWWWW's Birthday is 12-17-77, Dissertation: WWWWW's Birthday is 12-17-77, Years: 0
Exchange student added: WWWWW's Birthday is 12-17-77, WWWWW's Birthday is 12-17-77, Home: WWWWW's Birthday is 12-17-77, Program: WWWWW's Birthday is 12-17-77
Student added: WWWWW's Birthday is 12-17-77, WWWWW's Birthday is 12-17-77
Novel added: WWWWW's Birthday is 12-17-77, WWWWW's Birthday is 12-17-77, Genre: WWWWW's Birthday is 12-17-77
Student added: WWWWW's Birthday is 12-17-77, WWWWW's Birthday is 12-17-77
Undergraduate student added: WWWWW's Birthday is 12-17-77, WWWWW's Birthday is 12-17-77, Year: 0, Major: WWWWW's Birthday is 12-17-77
Graduate student added: WWWWW's Birthday is 12-17-77, WWWWW's Birthday is 12-17-77, Research: WWWWW's Birthday is 12-17-77, Advisor: WWWWW's Birthday is 12-17-77
PhD student added: WWWWW's Birthday is 12-17-77, WWWWW's Birthday is 12-17-77, Dissertation: WWWWW's Birthday is 12-17-77, Years: 0
Exchange student added: WWWWW's Birthday is 12-17-77, WWWWW's Birthday is 12-17-77, Home: WWWWW's Birthday is 12-17-77, Program: WWWWW's Birthday is 12-17-77
Student added: WWWWW's Birthday is 12-17-77, WWWWW's Birthday is 12-17-77
EBook added: WWWWW's Birthday is 12-17-77, WWWWW's Birthday is 12-17-77, Format: WWWWW's Birthday is 12-17-77, Size: 0 bytes
Student added: WWWWW's Birthday is 12-17-77, WWWWW's Birthday is 12-17-77
Undergraduate student added: WWWWW's Birthday is 12-17-77, WWWWW's Birthday is 12-17-77, Year: 0, Major: WWWWW's Birthday is 12-17-77
Graduate student added: WWWWW's Birthday is 12-17-77, WWWWW's Birthday is 12-17-77, Research: WWWWW's Birthday is 12-17-77, Advisor: WWWWW's Birthday is 12-17-77
PhD student added: WWWWW's Birthday is 12-17-77, WWWWW's Birthday is 12-17-77, Dissertation: WWWWW's Birthday is 12-17-77, Years: 0
Exchange student added: WWWWW's Birthday is 12-17-77, WWWWW's Birthday is 12-17-77, Home: WWWWW's Birthday is 12-17-77, Program: WWWWW's Birthday is 12-17-77
Student added: WWWWW's Birthday is 12-17-77, WWWWW's Birthday is 12-17-77
Novel added: WWWWW's Birthday is 12-17-77, WWWWW's Birthday is 12-17-77, Genre: WWWWW's Birthday is 12-17-77
Student added: WWWWW's Birthday is 12-17-77, WWWWW's Birthday is 12-17-77
Undergraduate student added: WWWWW's Birthday is 12-17-77, WWWWW's Birthday is 12-17-77, Year: 0, Major: WWWWW's Birthday is 12-17-77
Graduate student added: WWWWW's Birthday is 12-17-77, WWWWW's Birthday is 12-17-77, Research: WWWWW's Birthday is 12-17-77, Advisor: WWWWW's Birthday is 12-17-77
PhD student added: WWWWW's Birthday is 12-17-77, WWWWW's Birthday is 12-17-77, Dissertation: WWWWW's Birthday is 12-17-77, Years: 0
Exchange student added: WWWWW's Birthday is 12-17-77, WWWWW's Birthday is 12-17-77, Home: WWWWW's Birthday is 12-17-77, Program: WWWWW's Birthday is 12-17-77
Student added: WWWWW's Birthday is 12-17-77, WWWWW's Birthday is 12-17-77
Novel added: WWWWW's Birthday is 12-17-77, WWWWW's Birthday is 12-17-77, Genre: WWWWW's Birthday is 12-17-77
Student added: WWWWW's Birthday is 12-17-77, WWWWW's Birthday is 12-17-77
Undergraduate student added: WWWWW's Birthday is 12-17-77, WWWWW's Birthday is 12-17-77, Year: 0, Major: WWWWW's Birthday is 12-17-77
Graduate student added: WWWWW's Birthday is 12-17-77, WWWWW's Birthday is 12-17-77, Research: WWWWW's Birthday is 12-17-77, Advisor: WWWWW's Birthday is 12-17-77
PhD student added: WWWWW's Birthday is 12-17-77, WWWWW's Birthday is 12-17-77, Dissertation: WWWWW's Birthday is 12-17-77, Years: 0
Exchange student added: WWWWW's Birthday is 12-17-77, WWWWW's Birthday is 12-17-77, Home: WWWWW's Birthday is 12-17-77, Program: WWWWW's Birthday is 12-17-77
Student added: WWWWW's Birthday is 12-17-77, WWWWW's Birthday is 12-17-77
EBook added: WWWWW's Birthday is 12-17-77, WWWWW's Birthday is 12-17-77, Format: WWWWW's Birthday is 12-17-77, Size: 0 bytes
Student added: WWWWW's Birthday is 12-17-77, WWWWW's Birthday is 12-17-77
Undergraduate student added: WWWWW's Birthday is 12-17-77, WWWWW's Birthday is 12-17-77, Year: 0, Major: WWWWW's Birthday is 12-17-77
Graduate student added: WWWWW's Birthday is 12-17-77, WWWWW's Birthday is 12-17-77, Research: WWWWW's Birthday is 12-17-77, Advisor: WWWWW's Birthday is 12-17-77
PhD student added: WWWWW's Birthday is 12-17-77, WWWWW's Birthday is 12-17-77, Dissertation: WWWWW's Birthday is 12-17-77, Years: 0
Exchange student added: WWWWW's Birthday is 12-17-77, WWWWW's Birthday is 12-17-77, Home: WWWWW's Birthday is 12-17-77, Program: WWWWW's Birthday is 12-17-77
Student added: WWWWW's Birthday is 12-17-77, WWWWW's Birthday is 12-17-77
Novel added: WWWWW's Birthday is 12-17-77, WWWWW's Birthday is 12-17-77, Genre: WWWWW's Birthday is 12-17-77
Student added: WWWWW's Birthday is 12-17-77, WWWWW's Birthday is 12-17-77
Undergraduate student added: WWWWW's Birthday is 12-17-77, WWWWW's Birthday is 12-17-77, Year: 0, Major: WWWWW's Birthday is 12-17-77
Graduate student added: WWWWW's Birthday is 12-17-77, WWWWW's Birthday is 12-17-77, Research: WWWWW's Birthday is 12-17-77, Advisor: WWWWW's Birthday is 12-17-77
PhD student added: WWWWW's Birthday is 12-17-77, WWWWW's Birthday is 12-17-77, Dissertation: WWWWW's Birthday is 12-17-77, Years: 0
Exchange student added: WWWWW's Birthday is 12-17-77, WWWWW's Birthday is 12-17-77, Home: WWWWW's Birthday is 12-17-77, Program: WWWWW's Birthday is 12-17-77
Student added: WWWWW's Birthday is 12-17-77, WWWWW's Birthday is 12-17-77
Novel added: WWWWW's Birthday is 12-17-77, WWWWW's Birthday is 12-17-77, Genre: WWWWW's Birthday is 12-17-77
Student added: WWWWW's Birthday is 12-17-77, WWWWW's Birthday is 12-17-77
Undergraduate student added: WWWWW's Birthday is 12-17-77, WWWWW's Birthday is 12-17-77, Year: 0, Major: WWWWW's Birthday is 12-17-77
Graduate student added: WWWWW's Birthday is 12-17-77, WWWWW's Birthday is 12-17-77, Research: WWWWW's Birthday is 12-17-77, Advisor: WWWWW's Birthday is 12-17-77
PhD student added: WWWWW's Birthday is 12-17-77, WWWWW's Birthday is 12-17-77, Dissertation: WWWWW's Birthday is 12-17-77, Years: 0
Exchange student added: WWWWW's Birthday is 12-17-77, WWWWW's Birthday is 12-17-77, Home: WWWWW's Birthday is 12-17-77, Program: WWWWW's Birthday is 12-17-77
Student added: WWWWW's Birthday is 12-17-77, WWWWW's Birthday is 12-17-77
EBook added: WWWWW's Birthday is 12-17-77, WWWWW's Birthday is 12-17-77, Format: WWWWW's Birthday is 12-17-77, Size: 0 bytes
Student added: WWWWW's Birthday is 12-17-77, WWWWW's Birthday is 12-17-77
Undergraduate student added: WWWWW's Birthday is 12-17-77, WWWWW's Birthday is 12-17-77, Year: 0, Major: WWWWW's Birthday is 12-17-77
Graduate student added: WWWWW's Birthday is 12-17-77, WWWWW's Birthday is 12-17-77, Research: WWWWW's Birthday is 12-17-77, Advisor: WWWWW's Birthday is 12-17-77
PhD student added: WWWWW's Birthday is 12-17-77, WWWWW's Birthday is 12-17-77, Dissertation: WWWWW's Birthday is 12-17-77, Years: 0
Exchange student added: WWWWW's Birthday is 12-17-77, WWWWW's Birthday is 12-17-77, Home: WWWWW's Birthday is 12-17-77, Program: WWWWW's Birthday is 12-17-77
Student added: WWWWW's Birthday is 12-17-77, WWWWW's Birthday is 12-17-77
Novel added: WWWWW's Birthday is 12-17-77, WWWWW's Birthday is 12-17-77, Genre: WWWWW's Birthday is 12-17-77
Student added: WWWWW's Birthday is 12-17-77, WWWWW's Birthday is 12-17-77
Undergraduate student added: WWWWW's Birthday is 12-17-77, WWWWW's Birthday is 12-17-77, Year: 0, Major: WWWWW's Birthday is 12-17-77
Graduate student added: WWWWW's Birthday is 12-17-77, WWWWW's Birthday is 12-17-77, Research: WWWWW's Birthday is 12-17-77, Advisor: WWWWW's Birthday is 12-17-77
PhD student added: WWWWW's Birthday is 12-17-77, WWWWW's Birthday is 12-17-77, Dissertation: WWWWW's Birthday is 12-17-77, Years: 0
Exchange student added: WWWWW's Birthday is 12-17-77, WWWWW's Birthday is 12-17-77, Home: WWWWW's Birthday is 12-17-77, Program: WWWWW's Birthday is 12-17-77
Student added: WWWWW's Birthday is 12-17-77, WWWWW's Birthday is 12-17-77

====================================================== Method Sequences
[testRenewBookUnified()]

====================================================== JUnit 4.0 test class
import static org.junit.Assert.*;
import org.junit.Before;
import org.junit.Test;

public class sidlibrary_objectmodelpackage_LibRenewBookTest {

	private sidlibrary.objectmodelpackage.LibRenewBook sidlibrary_objectmodelpackage_librenewbook;

	@Before
	public void setUp() throws Exception {
		sidlibrary_objectmodelpackage_librenewbook = new sidlibrary.objectmodelpackage.LibRenewBook();
	}

	@Test
	public void test0() {
		sidlibrary_objectmodelpackage_librenewbook.testRenewBookUnified();
	}
}

====================================================== coverage statistics

-------------------------------------------- class coverage ------------------------------------------------
bytecode            line                basic-block         branch              methods             location
------------------------------------------------------------------------------------------------------------
0.79 (520/661)      0.73 (129/176)      0.75 (182/244)      0.42 (20/48)        0.82 (9/11)         sidlibrary.objectmodelpackage.LibRenewBook
  0.00 (0/3)          0.00 (0/1)          0.00 (0/2)           -                   -                  <init>()
                                                                                    at sidlibrary.objectmodelpackage.LibRenewBook.<init>(LibRenewBook.java:8) 
  0.00 (0/11)         0.00 (0/3)          0.00 (0/5)          0.00 (0/1)           -                  maxBookStudentCanIssue(String,String,String)
                                                                                    at sidlibrary.objectmodelpackage.LibRenewBook.maxBookStudentCanIssue(LibRenewBook.java:210) 
                                                                                    .. sidlibrary.objectmodelpackage.LibRenewBook.maxBookStudentCanIssue(LibRenewBook.java:213) 
                                                                                    N at sidlibrary.objectmodelpackage.LibRenewBook.maxBookStudentCanIssue(LibRenewBook.java:210) 
  0.24 (16/66)        0.20 (3/15)         0.23 (7/30)         0.00 (0/5)           -                  issueBook(Library,String,String)
                                                                                    at sidlibrary.objectmodelpackage.LibRenewBook.issueBook(LibRenewBook.java:191) 
                                                                                    at sidlibrary.objectmodelpackage.LibRenewBook.issueBook(LibRenewBook.java:195) 
                                                                                    .. sidlibrary.objectmodelpackage.LibRenewBook.issueBook(LibRenewBook.java:204) 
                                                                                    T at sidlibrary.objectmodelpackage.LibRenewBook.issueBook(LibRenewBook.java:191) 
                                                                                    F at sidlibrary.objectmodelpackage.LibRenewBook.issueBook(LibRenewBook.java:194) 
                                                                                    N at sidlibrary.objectmodelpackage.LibRenewBook.issueBook(LibRenewBook.java:196) 
  0.54 (26/48)        0.60 (9/15)         0.56 (10/18)        0.00 (0/2)           -                  addBookFunction(Library,Book)
                                                                                    at sidlibrary.objectmodelpackage.LibRenewBook.addBookFunction(LibRenewBook.java:243) 
                                                                                    .. sidlibrary.objectmodelpackage.LibRenewBook.addBookFunction(LibRenewBook.java:249) 
                                                                                    T at sidlibrary.objectmodelpackage.LibRenewBook.addBookFunction(LibRenewBook.java:242) 
                                                                                    N at sidlibrary.objectmodelpackage.LibRenewBook.addBookFunction(LibRenewBook.java:244) 
  0.85 (17/20)        0.20 (1/5)          0.82 (9/11)         0.00 (0/2)           -                  findStudent(String)
                                                                                    at sidlibrary.objectmodelpackage.LibRenewBook.findStudent(LibRenewBook.java:221) 
                                                                                    .. sidlibrary.objectmodelpackage.LibRenewBook.findStudent(LibRenewBook.java:222) 
                                                                                    F at sidlibrary.objectmodelpackage.LibRenewBook.findStudent(LibRenewBook.java:217) 
                                                                                    F at sidlibrary.objectmodelpackage.LibRenewBook.findStudent(LibRenewBook.java:218) 
  0.88 (387/439)      0.83 (96/115)       0.84 (119/141)      0.52 (17/33)         -                  testRenewBookUnified()
                                                                                    at sidlibrary.objectmodelpackage.LibRenewBook.testRenewBookUnified(LibRenewBook.java:110) 
                                                                                    .. sidlibrary.objectmodelpackage.LibRenewBook.testRenewBookUnified(LibRenewBook.java:114) 
                                                                                    at sidlibrary.objectmodelpackage.LibRenewBook.testRenewBookUnified(LibRenewBook.java:135) 
                                                                                    .. sidlibrary.objectmodelpackage.LibRenewBook.testRenewBookUnified(LibRenewBook.java:147) 
                                                                                    at sidlibrary.objectmodelpackage.LibRenewBook.testRenewBookUnified(LibRenewBook.java:50) 
                                                                                    at sidlibrary.objectmodelpackage.LibRenewBook.testRenewBookUnified(LibRenewBook.java:52) 
                                                                                    at sidlibrary.objectmodelpackage.LibRenewBook.testRenewBookUnified(LibRenewBook.java:54) 
                                                                                    at sidlibrary.objectmodelpackage.LibRenewBook.testRenewBookUnified(LibRenewBook.java:56) 
                                                                                    at sidlibrary.objectmodelpackage.LibRenewBook.testRenewBookUnified(LibRenewBook.java:70) 
                                                                                    at sidlibrary.objectmodelpackage.LibRenewBook.testRenewBookUnified(LibRenewBook.java:72) 
                                                                                    at sidlibrary.objectmodelpackage.LibRenewBook.testRenewBookUnified(LibRenewBook.java:83) 
                                                                                    at sidlibrary.objectmodelpackage.LibRenewBook.testRenewBookUnified(LibRenewBook.java:84) 
                                                                                    at sidlibrary.objectmodelpackage.LibRenewBook.testRenewBookUnified(LibRenewBook.java:86) 
                                                                                    at sidlibrary.objectmodelpackage.LibRenewBook.testRenewBookUnified(LibRenewBook.java:88) 
                                                                                    at sidlibrary.objectmodelpackage.LibRenewBook.testRenewBookUnified(LibRenewBook.java:90) 
                                                                                    at sidlibrary.objectmodelpackage.LibRenewBook.testRenewBookUnified(LibRenewBook.java:92) 
                                                                                    at sidlibrary.objectmodelpackage.LibRenewBook.testRenewBookUnified(LibRenewBook.java:99) 
                                                                                    at sidlibrary.objectmodelpackage.LibRenewBook.testRenewBookUnified(LibRenewBook.java:103) 
                                                                                    at sidlibrary.objectmodelpackage.LibRenewBook.testRenewBookUnified(LibRenewBook.java:107) 
                                                                                    F at sidlibrary.objectmodelpackage.LibRenewBook.testRenewBookUnified(LibRenewBook.java:110) 
                                                                                    N at sidlibrary.objectmodelpackage.LibRenewBook.testRenewBookUnified(LibRenewBook.java:111) 
                                                                                    N at sidlibrary.objectmodelpackage.LibRenewBook.testRenewBookUnified(LibRenewBook.java:113) 
                                                                                    F at sidlibrary.objectmodelpackage.LibRenewBook.testRenewBookUnified(LibRenewBook.java:122) 
                                                                                    at sidlibrary.objectmodelpackage.LibRenewBook.testRenewBookUnified(LibRenewBook.java:125) 
                                                                                    T at sidlibrary.objectmodelpackage.LibRenewBook.testRenewBookUnified(LibRenewBook.java:135) 
                                                                                    N at sidlibrary.objectmodelpackage.LibRenewBook.testRenewBookUnified(LibRenewBook.java:137) 
                                                                                    N at sidlibrary.objectmodelpackage.LibRenewBook.testRenewBookUnified(LibRenewBook.java:141) 
                                                                                    N at sidlibrary.objectmodelpackage.LibRenewBook.testRenewBookUnified(LibRenewBook.java:145) 
                                                                                    F at sidlibrary.objectmodelpackage.LibRenewBook.testRenewBookUnified(LibRenewBook.java:163) 
                                                                                    F at sidlibrary.objectmodelpackage.LibRenewBook.testRenewBookUnified(LibRenewBook.java:166) 
                                                                                    F at sidlibrary.objectmodelpackage.LibRenewBook.testRenewBookUnified(LibRenewBook.java:176) 
  1.00 (7/7)          1.00 (3/3)          1.00 (3/3)           -                   -                  addStudents(Student)
  1.00 (35/35)        0.86 (6/7)          1.00 (20/20)        0.75 (3/4)           -                  checkBookAvailable(Library,String)
                                                                                    at sidlibrary.objectmodelpackage.LibRenewBook.checkBookAvailable(LibRenewBook.java:226) 
                                                                                    at sidlibrary.objectmodelpackage.LibRenewBook.checkBookAvailable(LibRenewBook.java:227) 
                                                                                    at sidlibrary.objectmodelpackage.LibRenewBook.checkBookAvailable(LibRenewBook.java:228) 
  1.00 (11/11)        0.75 (3/4)          1.00 (6/6)          0.00 (0/1)           -                  issueLibraryCard(Library,String)
                                                                                    F at sidlibrary.objectmodelpackage.LibRenewBook.issueLibraryCard(LibRenewBook.java:264) 
  1.00 (2/2)          1.00 (2/2)          1.00 (2/2)           -                   -                  main(String[])
  1.00 (19/19)        1.00 (6/6)          1.00 (6/6)           -                   -                  testLibraryPolymorphism(Library)

------------------------------------------------------------------------------------------------------------
0.79 (520/661)      0.73 (129/176)      0.75 (182/244)      0.42 (20/48)        0.82 (9/11)         1.00 (1/1)         total

====================================================== results
no errors detected

====================================================== statistics
elapsed time:       00:00:03
states:             new=2220,visited=0,backtracked=2220,end=1110
search:             maxDepth=18,constraints=0
choice generators:  thread=1 (signal=0,lock=1,sharedRef=0,threadApi=0,reschedule=0), data=1110
heap:               new=44112,released=35054,maxLive=646,gcCycles=2047
instructions:       740018
max memory:         339MB
loaded code:        classes=106,methods=2308

====================================================== search finished: 11/23/25 8:25 PM
